reading files from disk...
reading files done
Building dictionary...
Dictionary complete
Parsing Messages...
Parsing done
Building Tree
Tree Size: 1; Success Rate: validation: 0.400000, training: 0.522796
Tree Size: 2; Success Rate: validation: 0.425000, training: 0.565350
Tree Size: 4; Success Rate: validation: 0.500000, training: 0.595745
Tree Size: 8; Success Rate: validation: 0.537500, training: 0.656535
Tree Size: 16; Success Rate: validation: 0.512500, training: 0.696049
Tree Size: 32; Success Rate: validation: 0.637500, training: 0.826748
Tree Size: 64; Success Rate: validation: 0.525000, training: 1.000000
Tree Size: 128; Success Rate: validation: 0.525000, training: 1.000000
Best Tree size (on validation): 32
testing the best tree on the test examples
Success Rate: 0.580000
------------- First ten words --------------
1: postbody
2: meeting
3: university
4: iep
5: school
6: smileys
7: make
8: they
9: with
10: renee
