reading files from disk...
reading files done
Building dictionary...
Dictionary complete
Parsing Messages...
Parsing done
Building Tree
Tree Size: 1; Success Rate: validation: 0.488750, training: 0.501833
Tree Size: 2; Success Rate: validation: 0.561875, training: 0.572083
Tree Size: 4; Success Rate: validation: 0.579375, training: 0.588119
Tree Size: 8; Success Rate: validation: 0.579375, training: 0.588882
Tree Size: 16; Success Rate: validation: 0.609375, training: 0.614386
Tree Size: 32; Success Rate: validation: 0.601875, training: 0.605834
Tree Size: 64; Success Rate: validation: 0.618750, training: 0.629200
Tree Size: 128; Success Rate: validation: 0.656875, training: 0.701741
Best Tree size (on validation): 128
testing the best tree on the test examples
Success Rate: 0.654000
------------- First ten words --------------
1: postbody
2: school
3: iep
4: huge
5: social
6: girls
7: ability
8: dh
9: had
10: have
