reading files from disk...
reading files done
Building dictionary...
Dictionary complete
Parsing Messages...
Parsing done
Building Tree
Tree Size: 1; Success Rate: validation: 0.375000, training: 0.523077
Tree Size: 2; Success Rate: validation: 0.500000, training: 0.615385
Tree Size: 4; Success Rate: validation: 0.500000, training: 0.692308
Tree Size: 8; Success Rate: validation: 0.562500, training: 0.830769
Tree Size: 16; Success Rate: validation: 0.625000, training: 1.000000
Tree Size: 32; Success Rate: validation: 0.625000, training: 1.000000
Tree Size: 64; Success Rate: validation: 0.625000, training: 1.000000
Tree Size: 128; Success Rate: validation: 0.625000, training: 1.000000
Best Tree size (on validation): 128
testing the best tree on the test examples
Success Rate: 0.500000
------------- First ten words --------------
1: postbody
2: had
3: kindergarten
4: has
5: on
6: have
7: here
8: in
9: crystal
10: 0
